<?xml version="1.0" encoding="UTF-8"?>
<testsuite xmlns:xsi="http://www.w3.org/2001/XMLSchema-instance" xsi:noNamespaceSchemaLocation="https://maven.apache.org/surefire/maven-surefire-plugin/xsd/surefire-test-report.xsd" name="org.jboss.as.quickstarts.tasksrs.service.UserResourceTest" time="0.802" tests="1" errors="0" skipped="1" failures="0">
  <properties>
    <property name="awt.toolkit" value="sun.awt.X11.XToolkit"/>
    <property name="file.encoding.pkg" value="sun.io"/>
    <property name="java.specification.version" value="1.8"/>
    <property name="sun.cpu.isalist" value=""/>
    <property name="sun.jnu.encoding" value="ANSI_X3.4-1968"/>
    <property name="java.class.path" value="/home/josorior-pe.ibm.com/openshift-tasks/target/test-classes:/home/josorior-pe.ibm.com/openshift-tasks/target/classes:/home/josorior-pe.ibm.com/.m2/repository/javax/enterprise/cdi-api/1.2.0.redhat-2/cdi-api-1.2.0.redhat-2.jar:/home/josorior-pe.ibm.com/.m2/repository/javax/inject/javax.inject/1.0.0.redhat-6/javax.inject-1.0.0.redhat-6.jar:/home/josorior-pe.ibm.com/.m2/repository/org/hibernate/javax/persistence/hibernate-jpa-2.1-api/1.0.0.Final-redhat-2/hibernate-jpa-2.1-api-1.0.0.Final-redhat-2.jar:/home/josorior-pe.ibm.com/.m2/repository/org/jboss/spec/javax/ws/rs/jboss-jaxrs-api_2.1_spec/1.0.2.Final/jboss-jaxrs-api_2.1_spec-1.0.2.Final.jar:/home/josorior-pe.ibm.com/.m2/repository/org/jboss/resteasy/resteasy-jackson-provider/3.0.25.Final-redhat-1/resteasy-jackson-provider-3.0.25.Final-redhat-1.jar:/home/josorior-pe.ibm.com/.m2/repository/org/codehaus/jackson/jackson-core-asl/1.9.13/jackson-core-asl-1.9.13.jar:/home/josorior-pe.ibm.com/.m2/repository/org/codehaus/jackson/jackson-mapper-asl/1.9.13/jackson-mapper-asl-1.9.13.jar:/home/josorior-pe.ibm.com/.m2/repository/org/codehaus/jackson/jackson-jaxrs/1.9.13/jackson-jaxrs-1.9.13.jar:/home/josorior-pe.ibm.com/.m2/repository/org/codehaus/jackson/jackson-xc/1.9.13/jackson-xc-1.9.13.jar:/home/josorior-pe.ibm.com/.m2/repository/org/jboss/spec/javax/ejb/jboss-ejb-api_3.2_spec/1.0.0.Final-redhat-1/jboss-ejb-api_3.2_spec-1.0.0.Final-redhat-1.jar:/home/josorior-pe.ibm.com/.m2/repository/junit/junit/4.12/junit-4.12.jar:/home/josorior-pe.ibm.com/.m2/repository/org/hamcrest/hamcrest-core/1.3/hamcrest-core-1.3.jar:/home/josorior-pe.ibm.com/.m2/repository/org/jboss/arquillian/junit/arquillian-junit-container/1.1.13.Final/arquillian-junit-container-1.1.13.Final.jar:/home/josorior-pe.ibm.com/.m2/repository/org/jboss/arquillian/junit/arquillian-junit-core/1.1.13.Final/arquillian-junit-core-1.1.13.Final.jar:/home/josorior-pe.ibm.com/.m2/repository/org/jboss/arquillian/test/arquillian-test-api/1.1.13.Final/arquillian-test-api-1.1.13.Final.jar:/home/josorior-pe.ibm.com/.m2/repository/org/jboss/arquillian/core/arquillian-core-api/1.1.13.Final/arquillian-core-api-1.1.13.Final.jar:/home/josorior-pe.ibm.com/.m2/repository/org/jboss/arquillian/test/arquillian-test-spi/1.1.13.Final/arquillian-test-spi-1.1.13.Final.jar:/home/josorior-pe.ibm.com/.m2/repository/org/jboss/arquillian/core/arquillian-core-spi/1.1.13.Final/arquillian-core-spi-1.1.13.Final.jar:/home/josorior-pe.ibm.com/.m2/repository/org/jboss/arquillian/container/arquillian-container-test-api/1.1.13.Final/arquillian-container-test-api-1.1.13.Final.jar:/home/josorior-pe.ibm.com/.m2/repository/org/jboss/shrinkwrap/shrinkwrap-api/1.2.6/shrinkwrap-api-1.2.6.jar:/home/josorior-pe.ibm.com/.m2/repository/org/jboss/arquillian/container/arquillian-container-test-spi/1.1.13.Final/arquillian-container-test-spi-1.1.13.Final.jar:/home/josorior-pe.ibm.com/.m2/repository/org/jboss/arquillian/core/arquillian-core-impl-base/1.1.13.Final/arquillian-core-impl-base-1.1.13.Final.jar:/home/josorior-pe.ibm.com/.m2/repository/org/jboss/arquillian/test/arquillian-test-impl-base/1.1.13.Final/arquillian-test-impl-base-1.1.13.Final.jar:/home/josorior-pe.ibm.com/.m2/repository/org/jboss/arquillian/container/arquillian-container-impl-base/1.1.13.Final/arquillian-container-impl-base-1.1.13.Final.jar:/home/josorior-pe.ibm.com/.m2/repository/org/jboss/arquillian/config/arquillian-config-api/1.1.13.Final/arquillian-config-api-1.1.13.Final.jar:/home/josorior-pe.ibm.com/.m2/repository/org/jboss/arquillian/config/arquillian-config-impl-base/1.1.13.Final/arquillian-config-impl-base-1.1.13.Final.jar:/home/josorior-pe.ibm.com/.m2/repository/org/jboss/arquillian/container/arquillian-container-test-impl-base/1.1.13.Final/arquillian-container-test-impl-base-1.1.13.Final.jar:/home/josorior-pe.ibm.com/.m2/repository/org/jboss/shrinkwrap/shrinkwrap-impl-base/1.2.6/shrinkwrap-impl-base-1.2.6.jar:/home/josorior-pe.ibm.com/.m2/repository/org/jboss/shrinkwrap/shrinkwrap-spi/1.2.6/shrinkwrap-spi-1.2.6.jar:/home/josorior-pe.ibm.com/.m2/repository/org/jboss/arquillian/protocol/arquillian-protocol-servlet/1.1.13.Final/arquillian-protocol-servlet-1.1.13.Final.jar:/home/josorior-pe.ibm.com/.m2/repository/org/jboss/arquillian/container/arquillian-container-spi/1.1.13.Final/arquillian-container-spi-1.1.13.Final.jar:/home/josorior-pe.ibm.com/.m2/repository/org/jboss/shrinkwrap/descriptors/shrinkwrap-descriptors-api-base/2.0.0-alpha-10/shrinkwrap-descriptors-api-base-2.0.0-alpha-10.jar:/home/josorior-pe.ibm.com/.m2/repository/org/jboss/shrinkwrap/descriptors/shrinkwrap-descriptors-spi/2.0.0-alpha-10/shrinkwrap-descriptors-spi-2.0.0-alpha-10.jar:/home/josorior-pe.ibm.com/.m2/repository/org/mockito/mockito-core/2.23.0/mockito-core-2.23.0.jar:/home/josorior-pe.ibm.com/.m2/repository/net/bytebuddy/byte-buddy/1.9.0/byte-buddy-1.9.0.jar:/home/josorior-pe.ibm.com/.m2/repository/net/bytebuddy/byte-buddy-agent/1.9.0/byte-buddy-agent-1.9.0.jar:/home/josorior-pe.ibm.com/.m2/repository/org/objenesis/objenesis/2.6/objenesis-2.6.jar:/home/josorior-pe.ibm.com/.m2/repository/org/glassfish/jersey/core/jersey-client/2.27/jersey-client-2.27.jar:/home/josorior-pe.ibm.com/.m2/repository/javax/ws/rs/javax.ws.rs-api/2.1/javax.ws.rs-api-2.1.jar:/home/josorior-pe.ibm.com/.m2/repository/org/glassfish/hk2/external/javax.inject/2.5.0-b42/javax.inject-2.5.0-b42.jar:/home/josorior-pe.ibm.com/.m2/repository/org/glassfish/jersey/core/jersey-common/2.27/jersey-common-2.27.jar:/home/josorior-pe.ibm.com/.m2/repository/javax/annotation/javax.annotation-api/1.2/javax.annotation-api-1.2.jar:/home/josorior-pe.ibm.com/.m2/repository/org/glassfish/hk2/osgi-resource-locator/1.0.1/osgi-resource-locator-1.0.1.jar:"/>
    <property name="java.vm.vendor" value="Oracle Corporation"/>
    <property name="sun.arch.data.model" value="64"/>
    <property name="java.vendor.url" value="http://java.oracle.com/"/>
    <property name="user.timezone" value=""/>
    <property name="java.vm.specification.version" value="1.8"/>
    <property name="os.name" value="Linux"/>
    <property name="user.country" value="US"/>
    <property name="sun.java.launcher" value="SUN_STANDARD"/>
    <property name="sun.boot.library.path" value="/usr/lib/jvm/java-1.8.0-openjdk-1.8.0.252.b09-2.el8_1.x86_64/jre/lib/amd64"/>
    <property name="sun.java.command" value="/home/josorior-pe.ibm.com/openshift-tasks/target/surefire/surefirebooter3440559276001345638.jar /home/josorior-pe.ibm.com/openshift-tasks/target/surefire 2020-06-10T20-00-29_982-jvmRun1 surefire8928453518839491431tmp surefire_02209821685691371410tmp"/>
    <property name="surefire.test.class.path" value="/home/josorior-pe.ibm.com/openshift-tasks/target/test-classes:/home/josorior-pe.ibm.com/openshift-tasks/target/classes:/home/josorior-pe.ibm.com/.m2/repository/javax/enterprise/cdi-api/1.2.0.redhat-2/cdi-api-1.2.0.redhat-2.jar:/home/josorior-pe.ibm.com/.m2/repository/javax/inject/javax.inject/1.0.0.redhat-6/javax.inject-1.0.0.redhat-6.jar:/home/josorior-pe.ibm.com/.m2/repository/org/hibernate/javax/persistence/hibernate-jpa-2.1-api/1.0.0.Final-redhat-2/hibernate-jpa-2.1-api-1.0.0.Final-redhat-2.jar:/home/josorior-pe.ibm.com/.m2/repository/org/jboss/spec/javax/ws/rs/jboss-jaxrs-api_2.1_spec/1.0.2.Final/jboss-jaxrs-api_2.1_spec-1.0.2.Final.jar:/home/josorior-pe.ibm.com/.m2/repository/org/jboss/resteasy/resteasy-jackson-provider/3.0.25.Final-redhat-1/resteasy-jackson-provider-3.0.25.Final-redhat-1.jar:/home/josorior-pe.ibm.com/.m2/repository/org/codehaus/jackson/jackson-core-asl/1.9.13/jackson-core-asl-1.9.13.jar:/home/josorior-pe.ibm.com/.m2/repository/org/codehaus/jackson/jackson-mapper-asl/1.9.13/jackson-mapper-asl-1.9.13.jar:/home/josorior-pe.ibm.com/.m2/repository/org/codehaus/jackson/jackson-jaxrs/1.9.13/jackson-jaxrs-1.9.13.jar:/home/josorior-pe.ibm.com/.m2/repository/org/codehaus/jackson/jackson-xc/1.9.13/jackson-xc-1.9.13.jar:/home/josorior-pe.ibm.com/.m2/repository/org/jboss/spec/javax/ejb/jboss-ejb-api_3.2_spec/1.0.0.Final-redhat-1/jboss-ejb-api_3.2_spec-1.0.0.Final-redhat-1.jar:/home/josorior-pe.ibm.com/.m2/repository/junit/junit/4.12/junit-4.12.jar:/home/josorior-pe.ibm.com/.m2/repository/org/hamcrest/hamcrest-core/1.3/hamcrest-core-1.3.jar:/home/josorior-pe.ibm.com/.m2/repository/org/jboss/arquillian/junit/arquillian-junit-container/1.1.13.Final/arquillian-junit-container-1.1.13.Final.jar:/home/josorior-pe.ibm.com/.m2/repository/org/jboss/arquillian/junit/arquillian-junit-core/1.1.13.Final/arquillian-junit-core-1.1.13.Final.jar:/home/josorior-pe.ibm.com/.m2/repository/org/jboss/arquillian/test/arquillian-test-api/1.1.13.Final/arquillian-test-api-1.1.13.Final.jar:/home/josorior-pe.ibm.com/.m2/repository/org/jboss/arquillian/core/arquillian-core-api/1.1.13.Final/arquillian-core-api-1.1.13.Final.jar:/home/josorior-pe.ibm.com/.m2/repository/org/jboss/arquillian/test/arquillian-test-spi/1.1.13.Final/arquillian-test-spi-1.1.13.Final.jar:/home/josorior-pe.ibm.com/.m2/repository/org/jboss/arquillian/core/arquillian-core-spi/1.1.13.Final/arquillian-core-spi-1.1.13.Final.jar:/home/josorior-pe.ibm.com/.m2/repository/org/jboss/arquillian/container/arquillian-container-test-api/1.1.13.Final/arquillian-container-test-api-1.1.13.Final.jar:/home/josorior-pe.ibm.com/.m2/repository/org/jboss/shrinkwrap/shrinkwrap-api/1.2.6/shrinkwrap-api-1.2.6.jar:/home/josorior-pe.ibm.com/.m2/repository/org/jboss/arquillian/container/arquillian-container-test-spi/1.1.13.Final/arquillian-container-test-spi-1.1.13.Final.jar:/home/josorior-pe.ibm.com/.m2/repository/org/jboss/arquillian/core/arquillian-core-impl-base/1.1.13.Final/arquillian-core-impl-base-1.1.13.Final.jar:/home/josorior-pe.ibm.com/.m2/repository/org/jboss/arquillian/test/arquillian-test-impl-base/1.1.13.Final/arquillian-test-impl-base-1.1.13.Final.jar:/home/josorior-pe.ibm.com/.m2/repository/org/jboss/arquillian/container/arquillian-container-impl-base/1.1.13.Final/arquillian-container-impl-base-1.1.13.Final.jar:/home/josorior-pe.ibm.com/.m2/repository/org/jboss/arquillian/config/arquillian-config-api/1.1.13.Final/arquillian-config-api-1.1.13.Final.jar:/home/josorior-pe.ibm.com/.m2/repository/org/jboss/arquillian/config/arquillian-config-impl-base/1.1.13.Final/arquillian-config-impl-base-1.1.13.Final.jar:/home/josorior-pe.ibm.com/.m2/repository/org/jboss/arquillian/container/arquillian-container-test-impl-base/1.1.13.Final/arquillian-container-test-impl-base-1.1.13.Final.jar:/home/josorior-pe.ibm.com/.m2/repository/org/jboss/shrinkwrap/shrinkwrap-impl-base/1.2.6/shrinkwrap-impl-base-1.2.6.jar:/home/josorior-pe.ibm.com/.m2/repository/org/jboss/shrinkwrap/shrinkwrap-spi/1.2.6/shrinkwrap-spi-1.2.6.jar:/home/josorior-pe.ibm.com/.m2/repository/org/jboss/arquillian/protocol/arquillian-protocol-servlet/1.1.13.Final/arquillian-protocol-servlet-1.1.13.Final.jar:/home/josorior-pe.ibm.com/.m2/repository/org/jboss/arquillian/container/arquillian-container-spi/1.1.13.Final/arquillian-container-spi-1.1.13.Final.jar:/home/josorior-pe.ibm.com/.m2/repository/org/jboss/shrinkwrap/descriptors/shrinkwrap-descriptors-api-base/2.0.0-alpha-10/shrinkwrap-descriptors-api-base-2.0.0-alpha-10.jar:/home/josorior-pe.ibm.com/.m2/repository/org/jboss/shrinkwrap/descriptors/shrinkwrap-descriptors-spi/2.0.0-alpha-10/shrinkwrap-descriptors-spi-2.0.0-alpha-10.jar:/home/josorior-pe.ibm.com/.m2/repository/org/mockito/mockito-core/2.23.0/mockito-core-2.23.0.jar:/home/josorior-pe.ibm.com/.m2/repository/net/bytebuddy/byte-buddy/1.9.0/byte-buddy-1.9.0.jar:/home/josorior-pe.ibm.com/.m2/repository/net/bytebuddy/byte-buddy-agent/1.9.0/byte-buddy-agent-1.9.0.jar:/home/josorior-pe.ibm.com/.m2/repository/org/objenesis/objenesis/2.6/objenesis-2.6.jar:/home/josorior-pe.ibm.com/.m2/repository/org/glassfish/jersey/core/jersey-client/2.27/jersey-client-2.27.jar:/home/josorior-pe.ibm.com/.m2/repository/javax/ws/rs/javax.ws.rs-api/2.1/javax.ws.rs-api-2.1.jar:/home/josorior-pe.ibm.com/.m2/repository/org/glassfish/hk2/external/javax.inject/2.5.0-b42/javax.inject-2.5.0-b42.jar:/home/josorior-pe.ibm.com/.m2/repository/org/glassfish/jersey/core/jersey-common/2.27/jersey-common-2.27.jar:/home/josorior-pe.ibm.com/.m2/repository/javax/annotation/javax.annotation-api/1.2/javax.annotation-api-1.2.jar:/home/josorior-pe.ibm.com/.m2/repository/org/glassfish/hk2/osgi-resource-locator/1.0.1/osgi-resource-locator-1.0.1.jar:"/>
    <property name="sun.cpu.endian" value="little"/>
    <property name="user.home" value="/home/josorior-pe.ibm.com"/>
    <property name="user.language" value="en"/>
    <property name="java.specification.vendor" value="Oracle Corporation"/>
    <property name="java.home" value="/usr/lib/jvm/java-1.8.0-openjdk-1.8.0.252.b09-2.el8_1.x86_64/jre"/>
    <property name="basedir" value="/home/josorior-pe.ibm.com/openshift-tasks"/>
    <property name="file.separator" value="/"/>
    <property name="line.separator" value="&#10;"/>
    <property name="java.vm.specification.vendor" value="Oracle Corporation"/>
    <property name="java.specification.name" value="Java Platform API Specification"/>
    <property name="java.awt.graphicsenv" value="sun.awt.X11GraphicsEnvironment"/>
    <property name="surefire.real.class.path" value="/home/josorior-pe.ibm.com/openshift-tasks/target/surefire/surefirebooter3440559276001345638.jar:/home/josorior-pe.ibm.com/.m2/repository/org/jacoco/org.jacoco.agent/0.8.2/org.jacoco.agent-0.8.2-runtime.jar"/>
    <property name="sun.boot.class.path" value="/usr/lib/jvm/java-1.8.0-openjdk-1.8.0.252.b09-2.el8_1.x86_64/jre/lib/resources.jar:/usr/lib/jvm/java-1.8.0-openjdk-1.8.0.252.b09-2.el8_1.x86_64/jre/lib/rt.jar:/usr/lib/jvm/java-1.8.0-openjdk-1.8.0.252.b09-2.el8_1.x86_64/jre/lib/sunrsasign.jar:/usr/lib/jvm/java-1.8.0-openjdk-1.8.0.252.b09-2.el8_1.x86_64/jre/lib/jsse.jar:/usr/lib/jvm/java-1.8.0-openjdk-1.8.0.252.b09-2.el8_1.x86_64/jre/lib/jce.jar:/usr/lib/jvm/java-1.8.0-openjdk-1.8.0.252.b09-2.el8_1.x86_64/jre/lib/charsets.jar:/usr/lib/jvm/java-1.8.0-openjdk-1.8.0.252.b09-2.el8_1.x86_64/jre/lib/jfr.jar:/usr/lib/jvm/java-1.8.0-openjdk-1.8.0.252.b09-2.el8_1.x86_64/jre/classes"/>
    <property name="sun.management.compiler" value="HotSpot 64-Bit Tiered Compilers"/>
    <property name="java.runtime.version" value="1.8.0_252-b09"/>
    <property name="user.name" value="josorior-pe.ibm.com"/>
    <property name="path.separator" value=":"/>
    <property name="os.version" value="4.18.0-193.el8.x86_64"/>
    <property name="java.endorsed.dirs" value="/usr/lib/jvm/java-1.8.0-openjdk-1.8.0.252.b09-2.el8_1.x86_64/jre/lib/endorsed"/>
    <property name="java.runtime.name" value="OpenJDK Runtime Environment"/>
    <property name="file.encoding" value="ANSI_X3.4-1968"/>
    <property name="java.vm.name" value="OpenJDK 64-Bit Server VM"/>
    <property name="localRepository" value="/home/josorior-pe.ibm.com/.m2/repository"/>
    <property name="java.vendor.url.bug" value="http://bugreport.sun.com/bugreport/"/>
    <property name="java.io.tmpdir" value="/tmp"/>
    <property name="java.version" value="1.8.0_252"/>
    <property name="user.dir" value="/home/josorior-pe.ibm.com/openshift-tasks"/>
    <property name="os.arch" value="amd64"/>
    <property name="java.vm.specification.name" value="Java Virtual Machine Specification"/>
    <property name="java.awt.printerjob" value="sun.print.PSPrinterJob"/>
    <property name="sun.os.patch.level" value="unknown"/>
    <property name="java.library.path" value="/usr/java/packages/lib/amd64:/usr/lib64:/lib64:/lib:/usr/lib"/>
    <property name="java.vm.info" value="mixed mode"/>
    <property name="java.vendor" value="Oracle Corporation"/>
    <property name="java.vm.version" value="25.252-b09"/>
    <property name="java.ext.dirs" value="/usr/lib/jvm/java-1.8.0-openjdk-1.8.0.252.b09-2.el8_1.x86_64/jre/lib/ext:/usr/java/packages/lib/ext"/>
    <property name="sun.io.unicode.encoding" value="UnicodeLittle"/>
    <property name="java.class.version" value="52.0"/>
  </properties>
  <testcase name="getUsersSortedByTask" classname="org.jboss.as.quickstarts.tasksrs.service.UserResourceTest" time="0">
    <skipped/>
  </testcase>
</testsuite>